0 info it worked if it ends with ok
1 verbose cli [ 'C:\\Program Files (x86)\\Microsoft Visual Studio 14.0\\Web\\External\\node.exe',
1 verbose cli   'C:\\Program Files (x86)\\Microsoft Visual Studio 14.0\\Web\\External\\node_modules\\npm\\bin\\npm-cli.js',
1 verbose cli   'install' ]
2 info using npm@3.3.4
3 info using node@v5.4.1
4 silly loadCurrentTree Starting
5 silly install loadCurrentTree
6 silly install readLocalPackageData
7 silly install normalizeTree
8 silly loadCurrentTree Finishing
9 silly loadIdealTree Starting
10 silly install loadIdealTree
11 silly cloneCurrentTree Starting
12 silly install cloneCurrentTreeToIdealTree
13 silly cloneCurrentTree Finishing
14 silly loadShrinkwrap Starting
15 silly install loadShrinkwrap
16 silly loadShrinkwrap Finishing
17 silly loadAllDepsIntoIdealTree Starting
18 silly install loadAllDepsIntoIdealTree
19 silly fetchNamedPackageData @angular/common
20 silly mapToRegistry name @angular/common
21 silly mapToRegistry scope (from package name) @angular
22 verbose mapToRegistry no registry URL found in name for scope @angular
23 silly mapToRegistry using default registry
24 silly mapToRegistry registry https://registry.npmjs.org/
25 silly mapToRegistry uri https://registry.npmjs.org/@angular%2fcommon
26 silly fetchNamedPackageData @angular/compiler
27 silly mapToRegistry name @angular/compiler
28 silly mapToRegistry scope (from package name) @angular
29 verbose mapToRegistry no registry URL found in name for scope @angular
30 silly mapToRegistry using default registry
31 silly mapToRegistry registry https://registry.npmjs.org/
32 silly mapToRegistry uri https://registry.npmjs.org/@angular%2fcompiler
33 silly fetchNamedPackageData @angular/core
34 silly mapToRegistry name @angular/core
35 silly mapToRegistry scope (from package name) @angular
36 verbose mapToRegistry no registry URL found in name for scope @angular
37 silly mapToRegistry using default registry
38 silly mapToRegistry registry https://registry.npmjs.org/
39 silly mapToRegistry uri https://registry.npmjs.org/@angular%2fcore
40 silly fetchNamedPackageData @angular/forms
41 silly mapToRegistry name @angular/forms
42 silly mapToRegistry scope (from package name) @angular
43 verbose mapToRegistry no registry URL found in name for scope @angular
44 silly mapToRegistry using default registry
45 silly mapToRegistry registry https://registry.npmjs.org/
46 silly mapToRegistry uri https://registry.npmjs.org/@angular%2fforms
47 silly fetchNamedPackageData @angular/http
48 silly mapToRegistry name @angular/http
49 silly mapToRegistry scope (from package name) @angular
50 verbose mapToRegistry no registry URL found in name for scope @angular
51 silly mapToRegistry using default registry
52 silly mapToRegistry registry https://registry.npmjs.org/
53 silly mapToRegistry uri https://registry.npmjs.org/@angular%2fhttp
54 silly fetchNamedPackageData @angular/platform-browser
55 silly mapToRegistry name @angular/platform-browser
56 silly mapToRegistry scope (from package name) @angular
57 verbose mapToRegistry no registry URL found in name for scope @angular
58 silly mapToRegistry using default registry
59 silly mapToRegistry registry https://registry.npmjs.org/
60 silly mapToRegistry uri https://registry.npmjs.org/@angular%2fplatform-browser
61 silly fetchNamedPackageData @angular/platform-browser-dynamic
62 silly mapToRegistry name @angular/platform-browser-dynamic
63 silly mapToRegistry scope (from package name) @angular
64 verbose mapToRegistry no registry URL found in name for scope @angular
65 silly mapToRegistry using default registry
66 silly mapToRegistry registry https://registry.npmjs.org/
67 silly mapToRegistry uri https://registry.npmjs.org/@angular%2fplatform-browser-dynamic
68 silly fetchNamedPackageData @angular/router
69 silly mapToRegistry name @angular/router
70 silly mapToRegistry scope (from package name) @angular
71 verbose mapToRegistry no registry URL found in name for scope @angular
72 silly mapToRegistry using default registry
73 silly mapToRegistry registry https://registry.npmjs.org/
74 silly mapToRegistry uri https://registry.npmjs.org/@angular%2frouter
75 silly fetchNamedPackageData @angular/upgrade
76 silly mapToRegistry name @angular/upgrade
77 silly mapToRegistry scope (from package name) @angular
78 verbose mapToRegistry no registry URL found in name for scope @angular
79 silly mapToRegistry using default registry
80 silly mapToRegistry registry https://registry.npmjs.org/
81 silly mapToRegistry uri https://registry.npmjs.org/@angular%2fupgrade
82 silly fetchNamedPackageData core-js
83 silly mapToRegistry name core-js
84 silly mapToRegistry using default registry
85 silly mapToRegistry registry https://registry.npmjs.org/
86 silly mapToRegistry uri https://registry.npmjs.org/core-js
87 silly fetchNamedPackageData reflect-metadata
88 silly mapToRegistry name reflect-metadata
89 silly mapToRegistry using default registry
90 silly mapToRegistry registry https://registry.npmjs.org/
91 silly mapToRegistry uri https://registry.npmjs.org/reflect-metadata
92 silly fetchNamedPackageData rxjs
93 silly mapToRegistry name rxjs
94 silly mapToRegistry using default registry
95 silly mapToRegistry registry https://registry.npmjs.org/
96 silly mapToRegistry uri https://registry.npmjs.org/rxjs
97 silly fetchNamedPackageData systemjs
98 silly mapToRegistry name systemjs
99 silly mapToRegistry using default registry
100 silly mapToRegistry registry https://registry.npmjs.org/
101 silly mapToRegistry uri https://registry.npmjs.org/systemjs
102 silly fetchNamedPackageData zone.js
103 silly mapToRegistry name zone.js
104 silly mapToRegistry using default registry
105 silly mapToRegistry registry https://registry.npmjs.org/
106 silly mapToRegistry uri https://registry.npmjs.org/zone.js
107 silly fetchNamedPackageData angular2-in-memory-web-api
108 silly mapToRegistry name angular2-in-memory-web-api
109 silly mapToRegistry using default registry
110 silly mapToRegistry registry https://registry.npmjs.org/
111 silly mapToRegistry uri https://registry.npmjs.org/angular2-in-memory-web-api
112 silly fetchNamedPackageData bootstrap
113 silly mapToRegistry name bootstrap
114 silly mapToRegistry using default registry
115 silly mapToRegistry registry https://registry.npmjs.org/
116 silly mapToRegistry uri https://registry.npmjs.org/bootstrap
117 verbose request uri https://registry.npmjs.org/@angular%2fcommon
118 verbose request no auth needed
119 info attempt registry request try #1 at 07:46:19
120 verbose request id 4fde6950c09ef87c
121 http request GET https://registry.npmjs.org/@angular%2fcommon
122 verbose request uri https://registry.npmjs.org/@angular%2fcompiler
123 verbose request no auth needed
124 info attempt registry request try #1 at 07:46:19
125 http request GET https://registry.npmjs.org/@angular%2fcompiler
126 verbose request uri https://registry.npmjs.org/@angular%2fcore
127 verbose request no auth needed
128 info attempt registry request try #1 at 07:46:19
129 http request GET https://registry.npmjs.org/@angular%2fcore
130 verbose request uri https://registry.npmjs.org/@angular%2fforms
131 verbose request no auth needed
132 info attempt registry request try #1 at 07:46:19
133 http request GET https://registry.npmjs.org/@angular%2fforms
134 verbose request uri https://registry.npmjs.org/@angular%2fhttp
135 verbose request no auth needed
136 info attempt registry request try #1 at 07:46:19
137 http request GET https://registry.npmjs.org/@angular%2fhttp
138 verbose request uri https://registry.npmjs.org/@angular%2fplatform-browser
139 verbose request no auth needed
140 info attempt registry request try #1 at 07:46:19
141 http request GET https://registry.npmjs.org/@angular%2fplatform-browser
142 verbose request uri https://registry.npmjs.org/@angular%2fplatform-browser-dynamic
143 verbose request no auth needed
144 info attempt registry request try #1 at 07:46:19
145 http request GET https://registry.npmjs.org/@angular%2fplatform-browser-dynamic
146 verbose request uri https://registry.npmjs.org/@angular%2frouter
147 verbose request no auth needed
148 info attempt registry request try #1 at 07:46:19
149 http request GET https://registry.npmjs.org/@angular%2frouter
150 verbose request uri https://registry.npmjs.org/@angular%2fupgrade
151 verbose request no auth needed
152 info attempt registry request try #1 at 07:46:19
153 http request GET https://registry.npmjs.org/@angular%2fupgrade
154 verbose request uri https://registry.npmjs.org/core-js
155 verbose request no auth needed
156 info attempt registry request try #1 at 07:46:19
157 http request GET https://registry.npmjs.org/core-js
158 verbose request uri https://registry.npmjs.org/reflect-metadata
159 verbose request no auth needed
160 info attempt registry request try #1 at 07:46:19
161 http request GET https://registry.npmjs.org/reflect-metadata
162 verbose request uri https://registry.npmjs.org/rxjs
163 verbose request no auth needed
164 info attempt registry request try #1 at 07:46:19
165 http request GET https://registry.npmjs.org/rxjs
166 verbose request uri https://registry.npmjs.org/systemjs
167 verbose request no auth needed
168 info attempt registry request try #1 at 07:46:19
169 http request GET https://registry.npmjs.org/systemjs
170 verbose request uri https://registry.npmjs.org/zone.js
171 verbose request no auth needed
172 info attempt registry request try #1 at 07:46:19
173 http request GET https://registry.npmjs.org/zone.js
174 verbose request uri https://registry.npmjs.org/angular2-in-memory-web-api
175 verbose request no auth needed
176 info attempt registry request try #1 at 07:46:19
177 http request GET https://registry.npmjs.org/angular2-in-memory-web-api
178 verbose request uri https://registry.npmjs.org/bootstrap
179 verbose request no auth needed
180 info attempt registry request try #1 at 07:46:19
181 http request GET https://registry.npmjs.org/bootstrap
182 info retry will retry, error on last attempt: Error: tunneling socket could not be established, cause=Parse Error
183 info retry will retry, error on last attempt: Error: tunneling socket could not be established, cause=Parse Error
184 info retry will retry, error on last attempt: Error: tunneling socket could not be established, cause=Parse Error
185 info retry will retry, error on last attempt: Error: tunneling socket could not be established, cause=Parse Error
186 info retry will retry, error on last attempt: Error: tunneling socket could not be established, cause=Parse Error
187 info retry will retry, error on last attempt: Error: tunneling socket could not be established, cause=Parse Error
188 info retry will retry, error on last attempt: Error: tunneling socket could not be established, cause=Parse Error
189 info retry will retry, error on last attempt: Error: tunneling socket could not be established, cause=Parse Error
190 info retry will retry, error on last attempt: Error: tunneling socket could not be established, cause=Parse Error
191 info retry will retry, error on last attempt: Error: tunneling socket could not be established, cause=Parse Error
192 info retry will retry, error on last attempt: Error: tunneling socket could not be established, cause=Parse Error
193 info retry will retry, error on last attempt: Error: tunneling socket could not be established, cause=Parse Error
194 info retry will retry, error on last attempt: Error: tunneling socket could not be established, cause=Parse Error
195 info retry will retry, error on last attempt: Error: tunneling socket could not be established, cause=Parse Error
196 info retry will retry, error on last attempt: Error: tunneling socket could not be established, cause=Parse Error
197 info retry will retry, error on last attempt: Error: tunneling socket could not be established, cause=Parse Error
198 info attempt registry request try #2 at 07:46:29
199 http request GET https://registry.npmjs.org/@angular%2fforms
200 info attempt registry request try #2 at 07:46:29
201 http request GET https://registry.npmjs.org/@angular%2fcommon
202 info attempt registry request try #2 at 07:46:29
203 http request GET https://registry.npmjs.org/@angular%2fcompiler
204 info attempt registry request try #2 at 07:46:29
205 http request GET https://registry.npmjs.org/@angular%2fcore
206 info attempt registry request try #2 at 07:46:29
207 http request GET https://registry.npmjs.org/@angular%2fplatform-browser
208 info attempt registry request try #2 at 07:46:29
209 http request GET https://registry.npmjs.org/@angular%2frouter
210 info attempt registry request try #2 at 07:46:29
211 http request GET https://registry.npmjs.org/@angular%2fplatform-browser-dynamic
212 info attempt registry request try #2 at 07:46:29
213 http request GET https://registry.npmjs.org/@angular%2fhttp
214 info attempt registry request try #2 at 07:46:29
215 http request GET https://registry.npmjs.org/reflect-metadata
216 info attempt registry request try #2 at 07:46:29
217 http request GET https://registry.npmjs.org/@angular%2fupgrade
218 info attempt registry request try #2 at 07:46:29
219 http request GET https://registry.npmjs.org/zone.js
220 info attempt registry request try #2 at 07:46:29
221 http request GET https://registry.npmjs.org/core-js
222 info attempt registry request try #2 at 07:46:29
223 http request GET https://registry.npmjs.org/rxjs
224 info attempt registry request try #2 at 07:46:29
225 http request GET https://registry.npmjs.org/systemjs
226 info attempt registry request try #2 at 07:46:29
227 http request GET https://registry.npmjs.org/angular2-in-memory-web-api
228 info attempt registry request try #2 at 07:46:29
229 http request GET https://registry.npmjs.org/bootstrap
230 info retry will retry, error on last attempt: Error: tunneling socket could not be established, cause=Parse Error
231 info retry will retry, error on last attempt: Error: tunneling socket could not be established, cause=Parse Error
232 info retry will retry, error on last attempt: Error: tunneling socket could not be established, cause=Parse Error
233 info retry will retry, error on last attempt: Error: tunneling socket could not be established, cause=Parse Error
234 info retry will retry, error on last attempt: Error: tunneling socket could not be established, cause=Parse Error
235 info retry will retry, error on last attempt: Error: tunneling socket could not be established, cause=Parse Error
236 info retry will retry, error on last attempt: Error: tunneling socket could not be established, cause=Parse Error
237 info retry will retry, error on last attempt: Error: tunneling socket could not be established, cause=Parse Error
238 info retry will retry, error on last attempt: Error: tunneling socket could not be established, cause=Parse Error
239 info retry will retry, error on last attempt: Error: tunneling socket could not be established, cause=Parse Error
240 info retry will retry, error on last attempt: Error: tunneling socket could not be established, cause=Parse Error
241 info retry will retry, error on last attempt: Error: tunneling socket could not be established, cause=Parse Error
242 info retry will retry, error on last attempt: Error: tunneling socket could not be established, cause=Parse Error
243 info retry will retry, error on last attempt: Error: tunneling socket could not be established, cause=Parse Error
244 info retry will retry, error on last attempt: Error: tunneling socket could not be established, cause=Parse Error
245 info retry will retry, error on last attempt: Error: tunneling socket could not be established, cause=Parse Error
246 info attempt registry request try #3 at 07:47:29
247 http request GET https://registry.npmjs.org/@angular%2fforms
248 info attempt registry request try #3 at 07:47:29
249 http request GET https://registry.npmjs.org/@angular%2fcommon
250 info attempt registry request try #3 at 07:47:29
251 http request GET https://registry.npmjs.org/@angular%2frouter
252 info attempt registry request try #3 at 07:47:29
253 http request GET https://registry.npmjs.org/@angular%2fcore
254 info attempt registry request try #3 at 07:47:29
255 http request GET https://registry.npmjs.org/@angular%2fplatform-browser
256 info attempt registry request try #3 at 07:47:29
257 http request GET https://registry.npmjs.org/@angular%2fcompiler
258 info attempt registry request try #3 at 07:47:29
259 http request GET https://registry.npmjs.org/@angular%2fplatform-browser-dynamic
260 info attempt registry request try #3 at 07:47:29
261 http request GET https://registry.npmjs.org/@angular%2fhttp
262 info attempt registry request try #3 at 07:47:29
263 http request GET https://registry.npmjs.org/reflect-metadata
264 info attempt registry request try #3 at 07:47:29
265 http request GET https://registry.npmjs.org/@angular%2fupgrade
266 info attempt registry request try #3 at 07:47:29
267 http request GET https://registry.npmjs.org/core-js
268 info attempt registry request try #3 at 07:47:29
269 http request GET https://registry.npmjs.org/zone.js
270 info attempt registry request try #3 at 07:47:29
271 http request GET https://registry.npmjs.org/rxjs
272 info attempt registry request try #3 at 07:47:29
273 http request GET https://registry.npmjs.org/angular2-in-memory-web-api
274 info attempt registry request try #3 at 07:47:29
275 http request GET https://registry.npmjs.org/systemjs
276 info attempt registry request try #3 at 07:47:29
277 http request GET https://registry.npmjs.org/bootstrap
278 silly fetchPackageMetaData Error: tunneling socket could not be established, cause=Parse Error
278 silly fetchPackageMetaData     at ClientRequest.onError (C:\Program Files (x86)\Microsoft Visual Studio 14.0\Web\External\node_modules\request\node_modules\tunnel-agent\index.js:176:17)
278 silly fetchPackageMetaData     at ClientRequest.g (events.js:260:16)
278 silly fetchPackageMetaData     at emitOne (events.js:77:13)
278 silly fetchPackageMetaData     at ClientRequest.emit (events.js:169:7)
278 silly fetchPackageMetaData     at Socket.socketOnData (_http_client.js:320:9)
278 silly fetchPackageMetaData     at emitOne (events.js:77:13)
278 silly fetchPackageMetaData     at Socket.emit (events.js:169:7)
278 silly fetchPackageMetaData     at readableAddChunk (_stream_readable.js:146:16)
278 silly fetchPackageMetaData     at Socket.Readable.push (_stream_readable.js:110:10)
278 silly fetchPackageMetaData     at TCP.onread (net.js:523:20)
278 silly fetchPackageMetaData  error for @angular/forms@2.0.0 { [Error: tunneling socket could not be established, cause=Parse Error] code: 'ECONNRESET' }
279 silly fetchPackageMetaData Error: tunneling socket could not be established, cause=Parse Error
279 silly fetchPackageMetaData     at ClientRequest.onError (C:\Program Files (x86)\Microsoft Visual Studio 14.0\Web\External\node_modules\request\node_modules\tunnel-agent\index.js:176:17)
279 silly fetchPackageMetaData     at ClientRequest.g (events.js:260:16)
279 silly fetchPackageMetaData     at emitOne (events.js:77:13)
279 silly fetchPackageMetaData     at ClientRequest.emit (events.js:169:7)
279 silly fetchPackageMetaData     at Socket.socketOnData (_http_client.js:320:9)
279 silly fetchPackageMetaData     at emitOne (events.js:77:13)
279 silly fetchPackageMetaData     at Socket.emit (events.js:169:7)
279 silly fetchPackageMetaData     at readableAddChunk (_stream_readable.js:146:16)
279 silly fetchPackageMetaData     at Socket.Readable.push (_stream_readable.js:110:10)
279 silly fetchPackageMetaData     at TCP.onread (net.js:523:20)
279 silly fetchPackageMetaData  error for @angular/common@2.0.0 { [Error: tunneling socket could not be established, cause=Parse Error] code: 'ECONNRESET' }
280 silly fetchPackageMetaData Error: tunneling socket could not be established, cause=Parse Error
280 silly fetchPackageMetaData     at ClientRequest.onError (C:\Program Files (x86)\Microsoft Visual Studio 14.0\Web\External\node_modules\request\node_modules\tunnel-agent\index.js:176:17)
280 silly fetchPackageMetaData     at ClientRequest.g (events.js:260:16)
280 silly fetchPackageMetaData     at emitOne (events.js:77:13)
280 silly fetchPackageMetaData     at ClientRequest.emit (events.js:169:7)
280 silly fetchPackageMetaData     at Socket.socketOnData (_http_client.js:320:9)
280 silly fetchPackageMetaData     at emitOne (events.js:77:13)
280 silly fetchPackageMetaData     at Socket.emit (events.js:169:7)
280 silly fetchPackageMetaData     at readableAddChunk (_stream_readable.js:146:16)
280 silly fetchPackageMetaData     at Socket.Readable.push (_stream_readable.js:110:10)
280 silly fetchPackageMetaData     at TCP.onread (net.js:523:20)
280 silly fetchPackageMetaData  error for @angular/router@3.0.0 { [Error: tunneling socket could not be established, cause=Parse Error] code: 'ECONNRESET' }
281 silly fetchPackageMetaData Error: tunneling socket could not be established, cause=Parse Error
281 silly fetchPackageMetaData     at ClientRequest.onError (C:\Program Files (x86)\Microsoft Visual Studio 14.0\Web\External\node_modules\request\node_modules\tunnel-agent\index.js:176:17)
281 silly fetchPackageMetaData     at ClientRequest.g (events.js:260:16)
281 silly fetchPackageMetaData     at emitOne (events.js:77:13)
281 silly fetchPackageMetaData     at ClientRequest.emit (events.js:169:7)
281 silly fetchPackageMetaData     at Socket.socketOnData (_http_client.js:320:9)
281 silly fetchPackageMetaData     at emitOne (events.js:77:13)
281 silly fetchPackageMetaData     at Socket.emit (events.js:169:7)
281 silly fetchPackageMetaData     at readableAddChunk (_stream_readable.js:146:16)
281 silly fetchPackageMetaData     at Socket.Readable.push (_stream_readable.js:110:10)
281 silly fetchPackageMetaData     at TCP.onread (net.js:523:20)
281 silly fetchPackageMetaData  error for @angular/core@2.0.0 { [Error: tunneling socket could not be established, cause=Parse Error] code: 'ECONNRESET' }
282 silly fetchPackageMetaData Error: tunneling socket could not be established, cause=Parse Error
282 silly fetchPackageMetaData     at ClientRequest.onError (C:\Program Files (x86)\Microsoft Visual Studio 14.0\Web\External\node_modules\request\node_modules\tunnel-agent\index.js:176:17)
282 silly fetchPackageMetaData     at ClientRequest.g (events.js:260:16)
282 silly fetchPackageMetaData     at emitOne (events.js:77:13)
282 silly fetchPackageMetaData     at ClientRequest.emit (events.js:169:7)
282 silly fetchPackageMetaData     at Socket.socketOnData (_http_client.js:320:9)
282 silly fetchPackageMetaData     at emitOne (events.js:77:13)
282 silly fetchPackageMetaData     at Socket.emit (events.js:169:7)
282 silly fetchPackageMetaData     at readableAddChunk (_stream_readable.js:146:16)
282 silly fetchPackageMetaData     at Socket.Readable.push (_stream_readable.js:110:10)
282 silly fetchPackageMetaData     at TCP.onread (net.js:523:20)
282 silly fetchPackageMetaData  error for @angular/platform-browser@2.0.0 { [Error: tunneling socket could not be established, cause=Parse Error] code: 'ECONNRESET' }
283 silly fetchPackageMetaData Error: tunneling socket could not be established, cause=Parse Error
283 silly fetchPackageMetaData     at ClientRequest.onError (C:\Program Files (x86)\Microsoft Visual Studio 14.0\Web\External\node_modules\request\node_modules\tunnel-agent\index.js:176:17)
283 silly fetchPackageMetaData     at ClientRequest.g (events.js:260:16)
283 silly fetchPackageMetaData     at emitOne (events.js:77:13)
283 silly fetchPackageMetaData     at ClientRequest.emit (events.js:169:7)
283 silly fetchPackageMetaData     at Socket.socketOnData (_http_client.js:320:9)
283 silly fetchPackageMetaData     at emitOne (events.js:77:13)
283 silly fetchPackageMetaData     at Socket.emit (events.js:169:7)
283 silly fetchPackageMetaData     at readableAddChunk (_stream_readable.js:146:16)
283 silly fetchPackageMetaData     at Socket.Readable.push (_stream_readable.js:110:10)
283 silly fetchPackageMetaData     at TCP.onread (net.js:523:20)
283 silly fetchPackageMetaData  error for @angular/compiler@2.0.0 { [Error: tunneling socket could not be established, cause=Parse Error] code: 'ECONNRESET' }
284 silly fetchPackageMetaData Error: tunneling socket could not be established, cause=Parse Error
284 silly fetchPackageMetaData     at ClientRequest.onError (C:\Program Files (x86)\Microsoft Visual Studio 14.0\Web\External\node_modules\request\node_modules\tunnel-agent\index.js:176:17)
284 silly fetchPackageMetaData     at ClientRequest.g (events.js:260:16)
284 silly fetchPackageMetaData     at emitOne (events.js:77:13)
284 silly fetchPackageMetaData     at ClientRequest.emit (events.js:169:7)
284 silly fetchPackageMetaData     at Socket.socketOnData (_http_client.js:320:9)
284 silly fetchPackageMetaData     at emitOne (events.js:77:13)
284 silly fetchPackageMetaData     at Socket.emit (events.js:169:7)
284 silly fetchPackageMetaData     at readableAddChunk (_stream_readable.js:146:16)
284 silly fetchPackageMetaData     at Socket.Readable.push (_stream_readable.js:110:10)
284 silly fetchPackageMetaData     at TCP.onread (net.js:523:20)
284 silly fetchPackageMetaData  error for @angular/platform-browser-dynamic@2.0.0 { [Error: tunneling socket could not be established, cause=Parse Error] code: 'ECONNRESET' }
285 silly fetchPackageMetaData Error: tunneling socket could not be established, cause=Parse Error
285 silly fetchPackageMetaData     at ClientRequest.onError (C:\Program Files (x86)\Microsoft Visual Studio 14.0\Web\External\node_modules\request\node_modules\tunnel-agent\index.js:176:17)
285 silly fetchPackageMetaData     at ClientRequest.g (events.js:260:16)
285 silly fetchPackageMetaData     at emitOne (events.js:77:13)
285 silly fetchPackageMetaData     at ClientRequest.emit (events.js:169:7)
285 silly fetchPackageMetaData     at Socket.socketOnData (_http_client.js:320:9)
285 silly fetchPackageMetaData     at emitOne (events.js:77:13)
285 silly fetchPackageMetaData     at Socket.emit (events.js:169:7)
285 silly fetchPackageMetaData     at readableAddChunk (_stream_readable.js:146:16)
285 silly fetchPackageMetaData     at Socket.Readable.push (_stream_readable.js:110:10)
285 silly fetchPackageMetaData     at TCP.onread (net.js:523:20)
285 silly fetchPackageMetaData  error for reflect-metadata@^0.1.3 { [Error: tunneling socket could not be established, cause=Parse Error] code: 'ECONNRESET' }
286 silly fetchPackageMetaData Error: tunneling socket could not be established, cause=Parse Error
286 silly fetchPackageMetaData     at ClientRequest.onError (C:\Program Files (x86)\Microsoft Visual Studio 14.0\Web\External\node_modules\request\node_modules\tunnel-agent\index.js:176:17)
286 silly fetchPackageMetaData     at ClientRequest.g (events.js:260:16)
286 silly fetchPackageMetaData     at emitOne (events.js:77:13)
286 silly fetchPackageMetaData     at ClientRequest.emit (events.js:169:7)
286 silly fetchPackageMetaData     at Socket.socketOnData (_http_client.js:320:9)
286 silly fetchPackageMetaData     at emitOne (events.js:77:13)
286 silly fetchPackageMetaData     at Socket.emit (events.js:169:7)
286 silly fetchPackageMetaData     at readableAddChunk (_stream_readable.js:146:16)
286 silly fetchPackageMetaData     at Socket.Readable.push (_stream_readable.js:110:10)
286 silly fetchPackageMetaData     at TCP.onread (net.js:523:20)
286 silly fetchPackageMetaData  error for @angular/http@2.0.0 { [Error: tunneling socket could not be established, cause=Parse Error] code: 'ECONNRESET' }
287 silly fetchPackageMetaData Error: tunneling socket could not be established, cause=Parse Error
287 silly fetchPackageMetaData     at ClientRequest.onError (C:\Program Files (x86)\Microsoft Visual Studio 14.0\Web\External\node_modules\request\node_modules\tunnel-agent\index.js:176:17)
287 silly fetchPackageMetaData     at ClientRequest.g (events.js:260:16)
287 silly fetchPackageMetaData     at emitOne (events.js:77:13)
287 silly fetchPackageMetaData     at ClientRequest.emit (events.js:169:7)
287 silly fetchPackageMetaData     at Socket.socketOnData (_http_client.js:320:9)
287 silly fetchPackageMetaData     at emitOne (events.js:77:13)
287 silly fetchPackageMetaData     at Socket.emit (events.js:169:7)
287 silly fetchPackageMetaData     at readableAddChunk (_stream_readable.js:146:16)
287 silly fetchPackageMetaData     at Socket.Readable.push (_stream_readable.js:110:10)
287 silly fetchPackageMetaData     at TCP.onread (net.js:523:20)
287 silly fetchPackageMetaData  error for core-js@^2.4.1 { [Error: tunneling socket could not be established, cause=Parse Error] code: 'ECONNRESET' }
288 silly fetchPackageMetaData Error: tunneling socket could not be established, cause=Parse Error
288 silly fetchPackageMetaData     at ClientRequest.onError (C:\Program Files (x86)\Microsoft Visual Studio 14.0\Web\External\node_modules\request\node_modules\tunnel-agent\index.js:176:17)
288 silly fetchPackageMetaData     at ClientRequest.g (events.js:260:16)
288 silly fetchPackageMetaData     at emitOne (events.js:77:13)
288 silly fetchPackageMetaData     at ClientRequest.emit (events.js:169:7)
288 silly fetchPackageMetaData     at Socket.socketOnData (_http_client.js:320:9)
288 silly fetchPackageMetaData     at emitOne (events.js:77:13)
288 silly fetchPackageMetaData     at Socket.emit (events.js:169:7)
288 silly fetchPackageMetaData     at readableAddChunk (_stream_readable.js:146:16)
288 silly fetchPackageMetaData     at Socket.Readable.push (_stream_readable.js:110:10)
288 silly fetchPackageMetaData     at TCP.onread (net.js:523:20)
288 silly fetchPackageMetaData  error for angular2-in-memory-web-api@0.0.20 { [Error: tunneling socket could not be established, cause=Parse Error] code: 'ECONNRESET' }
289 silly fetchPackageMetaData Error: tunneling socket could not be established, cause=Parse Error
289 silly fetchPackageMetaData     at ClientRequest.onError (C:\Program Files (x86)\Microsoft Visual Studio 14.0\Web\External\node_modules\request\node_modules\tunnel-agent\index.js:176:17)
289 silly fetchPackageMetaData     at ClientRequest.g (events.js:260:16)
289 silly fetchPackageMetaData     at emitOne (events.js:77:13)
289 silly fetchPackageMetaData     at ClientRequest.emit (events.js:169:7)
289 silly fetchPackageMetaData     at Socket.socketOnData (_http_client.js:320:9)
289 silly fetchPackageMetaData     at emitOne (events.js:77:13)
289 silly fetchPackageMetaData     at Socket.emit (events.js:169:7)
289 silly fetchPackageMetaData     at readableAddChunk (_stream_readable.js:146:16)
289 silly fetchPackageMetaData     at Socket.Readable.push (_stream_readable.js:110:10)
289 silly fetchPackageMetaData     at TCP.onread (net.js:523:20)
289 silly fetchPackageMetaData  error for @angular/upgrade@2.0.0 { [Error: tunneling socket could not be established, cause=Parse Error] code: 'ECONNRESET' }
290 silly fetchPackageMetaData Error: tunneling socket could not be established, cause=Parse Error
290 silly fetchPackageMetaData     at ClientRequest.onError (C:\Program Files (x86)\Microsoft Visual Studio 14.0\Web\External\node_modules\request\node_modules\tunnel-agent\index.js:176:17)
290 silly fetchPackageMetaData     at ClientRequest.g (events.js:260:16)
290 silly fetchPackageMetaData     at emitOne (events.js:77:13)
290 silly fetchPackageMetaData     at ClientRequest.emit (events.js:169:7)
290 silly fetchPackageMetaData     at Socket.socketOnData (_http_client.js:320:9)
290 silly fetchPackageMetaData     at emitOne (events.js:77:13)
290 silly fetchPackageMetaData     at Socket.emit (events.js:169:7)
290 silly fetchPackageMetaData     at readableAddChunk (_stream_readable.js:146:16)
290 silly fetchPackageMetaData     at Socket.Readable.push (_stream_readable.js:110:10)
290 silly fetchPackageMetaData     at TCP.onread (net.js:523:20)
290 silly fetchPackageMetaData  error for zone.js@^0.6.23 { [Error: tunneling socket could not be established, cause=Parse Error] code: 'ECONNRESET' }
291 silly fetchPackageMetaData Error: tunneling socket could not be established, cause=Parse Error
291 silly fetchPackageMetaData     at ClientRequest.onError (C:\Program Files (x86)\Microsoft Visual Studio 14.0\Web\External\node_modules\request\node_modules\tunnel-agent\index.js:176:17)
291 silly fetchPackageMetaData     at ClientRequest.g (events.js:260:16)
291 silly fetchPackageMetaData     at emitOne (events.js:77:13)
291 silly fetchPackageMetaData     at ClientRequest.emit (events.js:169:7)
291 silly fetchPackageMetaData     at Socket.socketOnData (_http_client.js:320:9)
291 silly fetchPackageMetaData     at emitOne (events.js:77:13)
291 silly fetchPackageMetaData     at Socket.emit (events.js:169:7)
291 silly fetchPackageMetaData     at readableAddChunk (_stream_readable.js:146:16)
291 silly fetchPackageMetaData     at Socket.Readable.push (_stream_readable.js:110:10)
291 silly fetchPackageMetaData     at TCP.onread (net.js:523:20)
291 silly fetchPackageMetaData  error for rxjs@5.0.0-beta.12 { [Error: tunneling socket could not be established, cause=Parse Error] code: 'ECONNRESET' }
292 silly fetchPackageMetaData Error: tunneling socket could not be established, cause=Parse Error
292 silly fetchPackageMetaData     at ClientRequest.onError (C:\Program Files (x86)\Microsoft Visual Studio 14.0\Web\External\node_modules\request\node_modules\tunnel-agent\index.js:176:17)
292 silly fetchPackageMetaData     at ClientRequest.g (events.js:260:16)
292 silly fetchPackageMetaData     at emitOne (events.js:77:13)
292 silly fetchPackageMetaData     at ClientRequest.emit (events.js:169:7)
292 silly fetchPackageMetaData     at Socket.socketOnData (_http_client.js:320:9)
292 silly fetchPackageMetaData     at emitOne (events.js:77:13)
292 silly fetchPackageMetaData     at Socket.emit (events.js:169:7)
292 silly fetchPackageMetaData     at readableAddChunk (_stream_readable.js:146:16)
292 silly fetchPackageMetaData     at Socket.Readable.push (_stream_readable.js:110:10)
292 silly fetchPackageMetaData     at TCP.onread (net.js:523:20)
292 silly fetchPackageMetaData  error for bootstrap@^3.3.6 { [Error: tunneling socket could not be established, cause=Parse Error] code: 'ECONNRESET' }
293 silly fetchPackageMetaData Error: tunneling socket could not be established, cause=Parse Error
293 silly fetchPackageMetaData     at ClientRequest.onError (C:\Program Files (x86)\Microsoft Visual Studio 14.0\Web\External\node_modules\request\node_modules\tunnel-agent\index.js:176:17)
293 silly fetchPackageMetaData     at ClientRequest.g (events.js:260:16)
293 silly fetchPackageMetaData     at emitOne (events.js:77:13)
293 silly fetchPackageMetaData     at ClientRequest.emit (events.js:169:7)
293 silly fetchPackageMetaData     at Socket.socketOnData (_http_client.js:320:9)
293 silly fetchPackageMetaData     at emitOne (events.js:77:13)
293 silly fetchPackageMetaData     at Socket.emit (events.js:169:7)
293 silly fetchPackageMetaData     at readableAddChunk (_stream_readable.js:146:16)
293 silly fetchPackageMetaData     at Socket.Readable.push (_stream_readable.js:110:10)
293 silly fetchPackageMetaData     at TCP.onread (net.js:523:20)
293 silly fetchPackageMetaData  error for systemjs@0.19.27 { [Error: tunneling socket could not be established, cause=Parse Error] code: 'ECONNRESET' }
294 silly rollbackFailedOptional Starting
295 silly rollbackFailedOptional Finishing
296 silly runTopLevelLifecycles Starting
297 silly runTopLevelLifecycles Finishing
298 silly install printInstalled
299 verbose stack Error: tunneling socket could not be established, cause=Parse Error
299 verbose stack     at ClientRequest.onError (C:\Program Files (x86)\Microsoft Visual Studio 14.0\Web\External\node_modules\request\node_modules\tunnel-agent\index.js:176:17)
299 verbose stack     at ClientRequest.g (events.js:260:16)
299 verbose stack     at emitOne (events.js:77:13)
299 verbose stack     at ClientRequest.emit (events.js:169:7)
299 verbose stack     at Socket.socketOnData (_http_client.js:320:9)
299 verbose stack     at emitOne (events.js:77:13)
299 verbose stack     at Socket.emit (events.js:169:7)
299 verbose stack     at readableAddChunk (_stream_readable.js:146:16)
299 verbose stack     at Socket.Readable.push (_stream_readable.js:110:10)
299 verbose stack     at TCP.onread (net.js:523:20)
300 verbose cwd C:\Users\edneysilva\Documents\Visual Studio 2015\Projects\Easycomtec\src\Easycomtec
301 error Windows_NT 10.0.10586
302 error argv "C:\\Program Files (x86)\\Microsoft Visual Studio 14.0\\Web\\External\\node.exe" "C:\\Program Files (x86)\\Microsoft Visual Studio 14.0\\Web\\External\\node_modules\\npm\\bin\\npm-cli.js" "install"
303 error node v5.4.1
304 error npm  v3.3.4
305 error code ECONNRESET
306 error network tunneling socket could not be established, cause=Parse Error
306 error network This is most likely not a problem with npm itself
306 error network and is related to network connectivity.
306 error network In most cases you are behind a proxy or have bad network settings.
306 error network
306 error network If you are behind a proxy, please make sure that the
306 error network 'proxy' config is set properly.  See: 'npm help config'
307 verbose exit [ 1, true ]
